2026-03-05T00:09:50.443+05:30  INFO 17972 --- [demo] [main] c.e.demo.controller.AuthControllerTest   : Starting AuthControllerTest using Java 24.0.1 with PID 17972 (started by dudek in C:\Users\dudek\P2Revplay\backend)
2026-03-05T00:09:50.452+05:30 DEBUG 17972 --- [demo] [main] c.e.demo.controller.AuthControllerTest   : Running with Spring Boot v3.4.2, Spring v6.2.2
2026-03-05T00:09:50.454+05:30  INFO 17972 --- [demo] [main] c.e.demo.controller.AuthControllerTest   : No active profile set, falling back to 1 default profile: "default"
2026-03-05T00:09:55.150+05:30  INFO 17972 --- [demo] [main] o.s.v.b.OptionalValidatorFactoryBean     : Failed to set up a Bean Validation provider: jakarta.validation.NoProviderFoundException: Unable to create a Configuration, because no Jakarta Bean Validation provider could be found. Add a provider like Hibernate Validator (RI) to your classpath.
2026-03-05T00:09:56.509+05:30  WARN 17972 --- [demo] [main] r$InitializeUserDetailsManagerConfigurer : Found 2 UserDetailsService beans, with names [inMemoryUserDetailsManager, com.example.demo.security.CustomUserDetailsService#0]. Global Authentication Manager will not use a UserDetailsService for username/password login. Consider publishing a single UserDetailsService bean.
2026-03-05T00:09:57.158+05:30  WARN 17972 --- [demo] [main] .s.s.UserDetailsServiceAutoConfiguration : 

Using generated security password: 36fd41f5-5f60-4778-8ba3-dd03f053ed65

This generated password is for development use only. Your security configuration must be updated before running your application in production.

2026-03-05T00:09:57.349+05:30  INFO 17972 --- [demo] [main] o.s.b.t.m.w.SpringBootMockServletContext : Initializing Spring TestDispatcherServlet ''
2026-03-05T00:09:57.350+05:30  INFO 17972 --- [demo] [main] o.s.t.web.servlet.TestDispatcherServlet  : Initializing Servlet ''
2026-03-05T00:09:57.353+05:30  INFO 17972 --- [demo] [main] o.s.t.web.servlet.TestDispatcherServlet  : Completed initialization in 2 ms
2026-03-05T00:09:57.475+05:30  INFO 17972 --- [demo] [main] c.e.demo.controller.AuthControllerTest   : Started AuthControllerTest in 7.849 seconds (process running for 12.141)
2026-03-05T00:09:58.155+05:30  INFO 17972 --- [demo] [main] t.c.s.AnnotationConfigContextLoaderUtils : Could not detect default configuration classes for test class [com.example.demo.controller.PlaylistControllerTest]: PlaylistControllerTest does not declare any static, non-private, non-final, nested classes annotated with @Configuration.
2026-03-05T00:09:58.183+05:30  INFO 17972 --- [demo] [main] .b.t.c.SpringBootTestContextBootstrapper : Found @SpringBootConfiguration com.example.demo.DemoApplication for test class com.example.demo.controller.PlaylistControllerTest
2026-03-05T00:09:58.242+05:30  INFO 17972 --- [demo] [main] c.e.d.controller.PlaylistControllerTest  : Starting PlaylistControllerTest using Java 24.0.1 with PID 17972 (started by dudek in C:\Users\dudek\P2Revplay\backend)
2026-03-05T00:09:58.242+05:30 DEBUG 17972 --- [demo] [main] c.e.d.controller.PlaylistControllerTest  : Running with Spring Boot v3.4.2, Spring v6.2.2
2026-03-05T00:09:58.242+05:30  INFO 17972 --- [demo] [main] c.e.d.controller.PlaylistControllerTest  : No active profile set, falling back to 1 default profile: "default"
2026-03-05T00:09:58.596+05:30  INFO 17972 --- [demo] [main] o.s.v.b.OptionalValidatorFactoryBean     : Failed to set up a Bean Validation provider: jakarta.validation.NoProviderFoundException: Unable to create a Configuration, because no Jakarta Bean Validation provider could be found. Add a provider like Hibernate Validator (RI) to your classpath.
2026-03-05T00:09:58.687+05:30  WARN 17972 --- [demo] [main] r$InitializeUserDetailsManagerConfigurer : Found 2 UserDetailsService beans, with names [inMemoryUserDetailsManager, com.example.demo.security.CustomUserDetailsService#0]. Global Authentication Manager will not use a UserDetailsService for username/password login. Consider publishing a single UserDetailsService bean.
2026-03-05T00:09:58.724+05:30  WARN 17972 --- [demo] [main] .s.s.UserDetailsServiceAutoConfiguration : 

Using generated security password: 9ee17574-5106-4d4e-b921-3dc521040b8f

This generated password is for development use only. Your security configuration must be updated before running your application in production.

2026-03-05T00:09:58.728+05:30  INFO 17972 --- [demo] [main] o.s.b.t.m.w.SpringBootMockServletContext : Initializing Spring TestDispatcherServlet ''
2026-03-05T00:09:58.729+05:30  INFO 17972 --- [demo] [main] o.s.t.web.servlet.TestDispatcherServlet  : Initializing Servlet ''
2026-03-05T00:09:58.729+05:30  INFO 17972 --- [demo] [main] o.s.t.web.servlet.TestDispatcherServlet  : Completed initialization in 0 ms
2026-03-05T00:09:58.739+05:30  INFO 17972 --- [demo] [main] c.e.d.controller.PlaylistControllerTest  : Started PlaylistControllerTest in 0.551 seconds (process running for 13.406)
2026-03-05T00:09:58.968+05:30  INFO 17972 --- [demo] [main] t.c.s.AnnotationConfigContextLoaderUtils : Could not detect default configuration classes for test class [com.example.demo.controller.SongControllerTest]: SongControllerTest does not declare any static, non-private, non-final, nested classes annotated with @Configuration.
2026-03-05T00:09:58.980+05:30  INFO 17972 --- [demo] [main] .b.t.c.SpringBootTestContextBootstrapper : Found @SpringBootConfiguration com.example.demo.DemoApplication for test class com.example.demo.controller.SongControllerTest
2026-03-05T00:09:59.019+05:30  INFO 17972 --- [demo] [main] c.e.demo.controller.SongControllerTest   : Starting SongControllerTest using Java 24.0.1 with PID 17972 (started by dudek in C:\Users\dudek\P2Revplay\backend)
2026-03-05T00:09:59.019+05:30 DEBUG 17972 --- [demo] [main] c.e.demo.controller.SongControllerTest   : Running with Spring Boot v3.4.2, Spring v6.2.2
2026-03-05T00:09:59.019+05:30  INFO 17972 --- [demo] [main] c.e.demo.controller.SongControllerTest   : No active profile set, falling back to 1 default profile: "default"
2026-03-05T00:09:59.292+05:30  INFO 17972 --- [demo] [main] o.s.v.b.OptionalValidatorFactoryBean     : Failed to set up a Bean Validation provider: jakarta.validation.NoProviderFoundException: Unable to create a Configuration, because no Jakarta Bean Validation provider could be found. Add a provider like Hibernate Validator (RI) to your classpath.
2026-03-05T00:09:59.357+05:30  WARN 17972 --- [demo] [main] r$InitializeUserDetailsManagerConfigurer : Found 2 UserDetailsService beans, with names [inMemoryUserDetailsManager, com.example.demo.security.CustomUserDetailsService#0]. Global Authentication Manager will not use a UserDetailsService for username/password login. Consider publishing a single UserDetailsService bean.
2026-03-05T00:09:59.386+05:30  WARN 17972 --- [demo] [main] .s.s.UserDetailsServiceAutoConfiguration : 

Using generated security password: b6db2f04-badf-42f1-ba86-c86810a794e8

This generated password is for development use only. Your security configuration must be updated before running your application in production.

2026-03-05T00:09:59.391+05:30  INFO 17972 --- [demo] [main] o.s.b.t.m.w.SpringBootMockServletContext : Initializing Spring TestDispatcherServlet ''
2026-03-05T00:09:59.392+05:30  INFO 17972 --- [demo] [main] o.s.t.web.servlet.TestDispatcherServlet  : Initializing Servlet ''
2026-03-05T00:09:59.394+05:30  INFO 17972 --- [demo] [main] o.s.t.web.servlet.TestDispatcherServlet  : Completed initialization in 1 ms
2026-03-05T00:09:59.408+05:30  INFO 17972 --- [demo] [main] c.e.demo.controller.SongControllerTest   : Started SongControllerTest in 0.425 seconds (process running for 14.075)
2026-03-05T00:09:59.472+05:30  INFO 17972 --- [demo] [main] t.c.s.AnnotationConfigContextLoaderUtils : Could not detect default configuration classes for test class [com.example.demo.DemoApplicationTests]: DemoApplicationTests does not declare any static, non-private, non-final, nested classes annotated with @Configuration.
2026-03-05T00:09:59.492+05:30  INFO 17972 --- [demo] [main] .b.t.c.SpringBootTestContextBootstrapper : Found @SpringBootConfiguration com.example.demo.DemoApplication for test class com.example.demo.DemoApplicationTests
2026-03-05T00:09:59.549+05:30  INFO 17972 --- [demo] [main] com.example.demo.DemoApplicationTests    : Starting DemoApplicationTests using Java 24.0.1 with PID 17972 (started by dudek in C:\Users\dudek\P2Revplay\backend)
2026-03-05T00:09:59.550+05:30 DEBUG 17972 --- [demo] [main] com.example.demo.DemoApplicationTests    : Running with Spring Boot v3.4.2, Spring v6.2.2
2026-03-05T00:09:59.550+05:30  INFO 17972 --- [demo] [main] com.example.demo.DemoApplicationTests    : No active profile set, falling back to 1 default profile: "default"
2026-03-05T00:10:01.279+05:30  INFO 17972 --- [demo] [main] .s.d.r.c.RepositoryConfigurationDelegate : Bootstrapping Spring Data JPA repositories in DEFAULT mode.
2026-03-05T00:10:01.876+05:30  INFO 17972 --- [demo] [main] .s.d.r.c.RepositoryConfigurationDelegate : Finished Spring Data repository scanning in 493 ms. Found 10 JPA repository interfaces.
2026-03-05T00:10:04.291+05:30  INFO 17972 --- [demo] [main] o.hibernate.jpa.internal.util.LogHelper  : HHH000204: Processing PersistenceUnitInfo [name: default]
2026-03-05T00:10:04.508+05:30  INFO 17972 --- [demo] [main] org.hibernate.Version                    : HHH000412: Hibernate ORM core version 6.6.5.Final
2026-03-05T00:10:04.810+05:30  INFO 17972 --- [demo] [main] o.h.c.internal.RegionFactoryInitiator    : HHH000026: Second-level cache disabled
2026-03-05T00:10:05.228+05:30  INFO 17972 --- [demo] [main] o.s.o.j.p.SpringPersistenceUnitInfo      : No LoadTimeWeaver setup: ignoring JPA class transformer
2026-03-05T00:10:05.299+05:30  INFO 17972 --- [demo] [main] com.zaxxer.hikari.HikariDataSource       : HikariPool-1 - Starting...
2026-03-05T00:10:05.917+05:30  INFO 17972 --- [demo] [main] com.zaxxer.hikari.pool.HikariPool        : HikariPool-1 - Added connection com.mysql.cj.jdbc.ConnectionImpl@2ddb260e
2026-03-05T00:10:05.937+05:30  INFO 17972 --- [demo] [main] com.zaxxer.hikari.HikariDataSource       : HikariPool-1 - Start completed.
2026-03-05T00:10:06.197+05:30  WARN 17972 --- [demo] [main] org.hibernate.orm.deprecation            : HHH90000025: MySQLDialect does not need to be specified explicitly using 'hibernate.dialect' (remove the property setting and it will be selected by default)
2026-03-05T00:10:06.235+05:30  INFO 17972 --- [demo] [main] org.hibernate.orm.connections.pooling    : HHH10001005: Database info:
	Database JDBC URL [Connecting through datasource 'HikariDataSource (HikariPool-1)']
	Database driver: undefined/unknown
	Database version: 8.0.40
	Autocommit mode: undefined/unknown
	Isolation level: undefined/unknown
	Minimum pool size: undefined/unknown
	Maximum pool size: undefined/unknown
2026-03-05T00:10:08.510+05:30  INFO 17972 --- [demo] [main] o.h.e.t.j.p.i.JtaPlatformInitiator       : HHH000489: No JTA platform available (set 'hibernate.transaction.jta.platform' to enable JTA platform integration)
2026-03-05T00:10:09.062+05:30  INFO 17972 --- [demo] [main] j.LocalContainerEntityManagerFactoryBean : Initialized JPA EntityManagerFactory for persistence unit 'default'
2026-03-05T00:10:09.830+05:30  INFO 17972 --- [demo] [main] o.s.d.j.r.query.QueryEnhancerFactory     : Hibernate is in classpath; If applicable, HQL parser will be used.
2026-03-05T00:10:13.077+05:30  INFO 17972 --- [demo] [main] r$InitializeUserDetailsManagerConfigurer : Global AuthenticationManager configured with UserDetailsService bean with name customUserDetailsService
2026-03-05T00:10:13.657+05:30  WARN 17972 --- [demo] [main] JpaBaseConfiguration$JpaWebConfiguration : spring.jpa.open-in-view is enabled by default. Therefore, database queries may be performed during view rendering. Explicitly configure spring.jpa.open-in-view to disable this warning
2026-03-05T00:10:14.377+05:30  INFO 17972 --- [demo] [main] o.s.v.b.OptionalValidatorFactoryBean     : Failed to set up a Bean Validation provider: jakarta.validation.NoProviderFoundException: Unable to create a Configuration, because no Jakarta Bean Validation provider could be found. Add a provider like Hibernate Validator (RI) to your classpath.
2026-03-05T00:10:14.826+05:30  INFO 17972 --- [demo] [main] com.example.demo.DemoApplicationTests    : Started DemoApplicationTests in 15.302 seconds (process running for 29.493)
2026-03-05T00:10:15.463+05:30  INFO 17972 --- [demo] [main] com.example.demo.service.AuthService     : Attempting registration: duplicate@test.com
2026-03-05T00:10:15.495+05:30  INFO 17972 --- [demo] [main] com.example.demo.service.AuthService     : Attempting registration: test@test.com
2026-03-05T00:10:15.497+05:30  INFO 17972 --- [demo] [main] com.example.demo.service.AuthService     : User registered successfully: test@test.com
2026-03-05T00:10:15.521+05:30 DEBUG 17972 --- [demo] [main] com.example.demo.service.AuthService     : Login attempt for: test@test.com
2026-03-05T00:10:15.524+05:30  INFO 17972 --- [demo] [main] com.example.demo.service.AuthService     : Login successful for: test@test.com
2026-03-05T00:10:16.136+05:30  INFO 17972 --- [demo] [SpringApplicationShutdownHook] j.LocalContainerEntityManagerFactoryBean : Closing JPA EntityManagerFactory for persistence unit 'default'
2026-03-05T00:10:16.151+05:30  INFO 17972 --- [demo] [SpringApplicationShutdownHook] com.zaxxer.hikari.HikariDataSource       : HikariPool-1 - Shutdown initiated...
2026-03-05T00:10:16.190+05:30  INFO 17972 --- [demo] [SpringApplicationShutdownHook] com.zaxxer.hikari.HikariDataSource       : HikariPool-1 - Shutdown completed.
